[01:39:05] [ServerMain/INFO]: [bootstrap] Running Java 21 (OpenJDK 64-Bit Server VM 21.0.7+6-Ubuntu-0ubuntu124.04; Ubuntu null) on Linux 6.8.0-1027-azure (amd64)
[01:39:05] [ServerMain/INFO]: [bootstrap] Loading Paper 1.21.4-231-ver/1.21.4@09e9afd (2025-05-19T17:59:36Z) for Minecraft 1.21.4
[01:39:06] [ServerMain/INFO]: [PluginInitializerManager] Initializing plugins...
[01:39:06] [ServerMain/INFO]: [PluginInitializerManager] Initialized 1 plugin
[01:39:06] [ServerMain/INFO]: [PluginInitializerManager] Bukkit plugins (1):
 - SkinsRestorer (15.7.6)
[01:39:10] [ServerMain/INFO]: Environment: Environment[sessionHost=https://sessionserver.mojang.com, servicesHost=https://api.minecraftservices.com, name=PROD]
[01:39:12] [ServerMain/INFO]: Loaded 1370 recipes
[01:39:12] [ServerMain/INFO]: Loaded 1481 advancements
[01:39:12] [ServerMain/INFO]: [MCTypeRegistry] Initialising converters for DataConverter...
[01:39:12] [ServerMain/INFO]: [MCTypeRegistry] Finished initialising converters for DataConverter in 196.7ms
[01:39:12] [Server thread/INFO]: Starting minecraft server version 1.21.4
[01:39:12] [Server thread/INFO]: Loading properties
[01:39:12] [Server thread/INFO]: This server is running Paper version 1.21.4-231-ver/1.21.4@09e9afd (2025-05-19T17:59:36Z) (Implementing API version 1.21.4-R0.1-SNAPSHOT)
[01:39:12] [Server thread/INFO]: [spark] This server bundles the spark profiler. For more information please visit https://docs.papermc.io/paper/profiling
[01:39:13] [Server thread/INFO]: Server Ping Player Sample Count: 12
[01:39:13] [Server thread/INFO]: Using 4 threads for Netty based IO
[01:39:13] [Server thread/INFO]: [MoonriseCommon] Paper is using 1 worker threads, 1 I/O threads
[01:39:13] [Server thread/INFO]: [ChunkTaskScheduler] Chunk system is using population gen parallelism: true
[01:39:14] [Server thread/INFO]: Default game type: SURVIVAL
[01:39:14] [Server thread/INFO]: Generating keypair
[01:39:14] [Server thread/INFO]: Starting Minecraft server on *:25565
[01:39:14] [Server thread/INFO]: Using epoll channel type
[01:39:14] [Server thread/INFO]: Paper: Using libdeflate (Linux x86_64) compression from Velocity.
[01:39:14] [Server thread/INFO]: Paper: Using OpenSSL 3.x.x (Linux x86_64) cipher from Velocity.
[01:39:15] [Server thread/INFO]: [SkinsRestorer] Loading server plugin SkinsRestorer v15.7.6
[01:39:15] [Server thread/INFO]: Server permissions file permissions.yml is empty, ignoring it
[01:39:15] [Server thread/INFO]: [SkinsRestorer] Enabling SkinsRestorer v15.7.6
[01:39:16] [Server thread/INFO]: [SkinsRestorer] Running on Minecraft 1.21.4.
[01:39:17] [Server thread/INFO]: [SkinsRestorer] Using paper join listener!
[01:39:17] [Server thread/WARN]: **** SERVER IS RUNNING IN OFFLINE/INSECURE MODE!
[01:39:17] [Server thread/WARN]: The server will make no attempt to authenticate usernames. Beware.
[01:39:17] [Server thread/WARN]: While this makes the game possible to play without internet access, it also opens up the ability for hackers to connect with any username they choose.
[01:39:17] [Server thread/WARN]: To change this, set "online-mode" to "true" in the server.properties file.
[01:39:17] [Server thread/INFO]: Preparing level "world"
[01:39:17] [Folia Async Scheduler Thread #1/INFO]: [SkinsRestorer] ----------------------------------------------
[01:39:17] [Folia Async Scheduler Thread #1/INFO]: [SkinsRestorer]     +==================+
[01:39:17] [Folia Async Scheduler Thread #1/INFO]: [SkinsRestorer]     |   SkinsRestorer  |
[01:39:17] [Folia Async Scheduler Thread #1/INFO]: [SkinsRestorer]     |------------------|
[01:39:17] [Folia Async Scheduler Thread #1/INFO]: [SkinsRestorer]     |  Standalone Mode |
[01:39:17] [Folia Async Scheduler Thread #1/INFO]: [SkinsRestorer]     +==================+
[01:39:17] [Folia Async Scheduler Thread #1/INFO]: [SkinsRestorer] ----------------------------------------------
[01:39:17] [Folia Async Scheduler Thread #1/INFO]: [SkinsRestorer]     Version: 15.7.6
[01:39:17] [Folia Async Scheduler Thread #1/INFO]: [SkinsRestorer]     Commit: 9abea93
[01:39:17] [Folia Async Scheduler Thread #1/INFO]: [SkinsRestorer]     This is the latest version!
[01:39:17] [Folia Async Scheduler Thread #1/INFO]: [SkinsRestorer] ----------------------------------------------
[01:39:17] [Folia Async Scheduler Thread #1/INFO]: [SkinsRestorer] Do you have issues? Read our troubleshooting guide: https://skinsrestorer.net/docs/troubleshooting
[01:39:17] [Folia Async Scheduler Thread #1/INFO]: [SkinsRestorer] Want to support SkinsRestorer? Consider donating: https://skinsrestorer.net/donate
[01:39:17] [Server thread/INFO]: Preparing start region for dimension minecraft:overworld
[01:39:18] [Server thread/INFO]: Preparing spawn area: 0%
[01:39:18] [Server thread/INFO]: Preparing spawn area: 6%
[01:39:18] [Server thread/INFO]: Time elapsed: 985 ms
[01:39:18] [Server thread/INFO]: Preparing start region for dimension minecraft:the_nether
[01:39:18] [Server thread/INFO]: Preparing spawn area: 0%
[01:39:19] [Server thread/INFO]: Time elapsed: 235 ms
[01:39:19] [Server thread/INFO]: Preparing start region for dimension minecraft:the_end
[01:39:19] [Server thread/INFO]: Preparing spawn area: 0%
[01:39:19] [Server thread/INFO]: Time elapsed: 143 ms
[01:39:19] [Server thread/INFO]: [spark] Starting background profiler...
[01:39:20] [Server thread/INFO]: Done preparing level "world" (2.932s)
[01:39:20] [Server thread/INFO]: Running delayed init tasks
[01:39:20] [Server thread/INFO]: Done (15.195s)! For help, type "help"
[01:39:20] [Server thread/INFO]: Unknown or incomplete command, see below for error
/home/codespace/.python/current/bin/python "/workspaces/PonyPibardos/msx (1).py"<--[HERE]
[01:40:06] [User Authenticator #0/INFO]: UUID of player Santix15 is 1f8cbd0f-e34f-3631-ad78-ab523f2938ae
[01:40:09] [Server thread/INFO]: Santix15 joined the game
[01:40:09] [Server thread/INFO]: Santix15[/127.110.96.188:42777] logged in with entity id 22 at ([world]-172.69999998807907, 64.5625, 820.3000000119209)
[01:41:44] [User Authenticator #1/INFO]: UUID of player veltrop570 is f7ecab27-30f6-34e8-b1b9-8b611eddf8e6
[01:41:47] [Server thread/INFO]: veltrop570 joined the game
[01:41:47] [Server thread/INFO]: veltrop570[/127.178.218.240:38873] logged in with entity id 336 at ([world]-156.69999998807907, 75.0, 769.6999999880791)
[01:43:42] [Async Chat Thread - #0/INFO]: [Not Secure] <veltrop570> contestame la llamada pete
[01:45:24] [Async Chat Thread - #1/INFO]: [Not Secure] <veltrop570> peteeee
[01:45:39] [Async Chat Thread - #1/INFO]: [Not Secure] <Santix15> ya voy
[01:48:45] [Server thread/INFO]: veltrop570 issued server command: /time set day
[01:48:45] [Server thread/INFO]: [veltrop570: Set the time to 1000]
